2026-07-16 14:21:09,806 - data_preprocessing - DEBUG - Data loaded properly
2026-07-16 14:21:09,807 - data_preprocessing - DEBUG - Starting preprocessing for DataFrame
2026-07-16 14:21:09,883 - data_preprocessing - DEBUG - Target column encoded
2026-07-16 14:21:09,922 - data_preprocessing - DEBUG - Duplicates removed
2026-07-16 14:21:09,939 - data_preprocessing - ERROR - Error during text normalization: 
**********************************************************************
  Resource 'punkt_tab' not found.
  Please use the NLTK Downloader to obtain the resource:

  >>> import nltk
  >>> nltk.download('punkt_tab')

  For more information see: https://www.nltk.org/data.html

  Attempted to load 'tokenizers/punkt_tab/english/'

  Searched in:
    - 'C:\\Users\\theyo/nltk_data'
    - 'C:\\Users\\theyo\\AppData\\Local\\Programs\\Python\\Python311\\nltk_data'
    - 'C:\\Users\\theyo\\AppData\\Local\\Programs\\Python\\Python311\\share\\nltk_data'
    - 'C:\\Users\\theyo\\AppData\\Local\\Programs\\Python\\Python311\\lib\\nltk_data'
    - 'C:\\Users\\theyo\\AppData\\Roaming\\nltk_data'
    - 'C:\\nltk_data'
    - 'D:\\nltk_data'
    - 'E:\\nltk_data'
**********************************************************************

2026-07-16 14:21:09,944 - data_preprocessing - ERROR - Failed to complete the data transformation process: 
**********************************************************************
  Resource 'punkt_tab' not found.
  Please use the NLTK Downloader to obtain the resource:

  >>> import nltk
  >>> nltk.download('punkt_tab')

  For more information see: https://www.nltk.org/data.html

  Attempted to load 'tokenizers/punkt_tab/english/'

  Searched in:
    - 'C:\\Users\\theyo/nltk_data'
    - 'C:\\Users\\theyo\\AppData\\Local\\Programs\\Python\\Python311\\nltk_data'
    - 'C:\\Users\\theyo\\AppData\\Local\\Programs\\Python\\Python311\\share\\nltk_data'
    - 'C:\\Users\\theyo\\AppData\\Local\\Programs\\Python\\Python311\\lib\\nltk_data'
    - 'C:\\Users\\theyo\\AppData\\Roaming\\nltk_data'
    - 'C:\\nltk_data'
    - 'D:\\nltk_data'
    - 'E:\\nltk_data'
**********************************************************************

2026-07-16 14:21:45,881 - data_preprocessing - DEBUG - Data loaded properly
2026-07-16 14:21:45,885 - data_preprocessing - DEBUG - Starting preprocessing for DataFrame
2026-07-16 14:21:45,939 - data_preprocessing - DEBUG - Target column encoded
2026-07-16 14:21:45,957 - data_preprocessing - DEBUG - Duplicates removed
2026-07-16 14:26:21,311 - data_preprocessing - DEBUG - Text column transformed
2026-07-16 14:26:21,313 - data_preprocessing - DEBUG - Starting preprocessing for DataFrame
2026-07-16 14:26:21,316 - data_preprocessing - DEBUG - Target column encoded
2026-07-16 14:26:21,326 - data_preprocessing - DEBUG - Duplicates removed
2026-07-16 14:27:25,560 - data_preprocessing - DEBUG - Text column transformed
2026-07-16 14:27:25,735 - data_preprocessing - DEBUG - Processed data saved to ./data\interim
