2026-07-16 22:51:01,252 - feature_engineering - DEBUG - Parameters loaded from params.yaml
2026-07-16 22:51:01,313 - feature_engineering - DEBUG - Data loaded and NaNs filled from ./data/interim/train_processed.csv
2026-07-16 22:51:01,328 - feature_engineering - ERROR - Unexpected error occurred while loading the data: Invalid value '' for dtype 'float64'
2026-07-16 22:51:01,330 - feature_engineering - ERROR - Failed to complete the feature engineering process: Invalid value '' for dtype 'float64'
2026-07-17 10:01:39,278 - feature_engineering - ERROR - Failed to load params from params.yaml: [Errno 2] No such file or directory: 'params.yaml'
2026-07-17 10:01:39,280 - feature_engineering - ERROR - Failed to complete the feature engineering process: [Errno 2] No such file or directory: 'params.yaml'
2026-07-17 10:02:34,854 - feature_engineering - DEBUG - Parameters loaded from params.yaml
2026-07-17 10:02:34,917 - feature_engineering - DEBUG - Data loaded and NaNs filled from ./data/interim/train_processed.csv
2026-07-17 10:02:34,930 - feature_engineering - DEBUG - Data loaded and NaNs filled from ./data/interim/test_processed.csv
2026-07-17 10:02:35,820 - feature_engineering - DEBUG - TF-IDF applied: train shape=(4152, 5000), test shape=(1101, 5000)
2026-07-17 10:03:03,292 - feature_engineering - DEBUG - Data saved to ./data\processed\train_tfidf.csv
2026-07-17 10:03:11,559 - feature_engineering - DEBUG - Data saved to ./data\processed\test_tfidf.csv
2026-07-17 10:03:11,560 - feature_engineering - INFO - Feature engineering completed successfully!
2026-07-17 22:18:42,531 - feature_engineering - DEBUG - Parameters loaded from params.yaml
2026-07-17 22:18:42,587 - feature_engineering - DEBUG - Data loaded and NaNs filled from ./data/interim/train_processed.csv
2026-07-17 22:18:42,605 - feature_engineering - DEBUG - Data loaded and NaNs filled from ./data/interim/test_processed.csv
2026-07-17 22:18:43,504 - feature_engineering - DEBUG - TF-IDF applied: train shape=(4103, 5000), test shape=(1154, 5000)
2026-07-17 22:19:08,622 - feature_engineering - DEBUG - Data saved to ./data\processed\train_tfidf.csv
2026-07-17 22:19:16,096 - feature_engineering - DEBUG - Data saved to ./data\processed\test_tfidf.csv
2026-07-17 22:19:16,096 - feature_engineering - INFO - Feature engineering completed successfully!
2026-07-17 22:53:28,415 - feature_engineering - DEBUG - Parameters loaded from params.yaml
2026-07-17 22:53:28,455 - feature_engineering - DEBUG - Data loaded and NaNs filled from ./data/interim/train_processed.csv
2026-07-17 22:53:28,466 - feature_engineering - DEBUG - Data loaded and NaNs filled from ./data/interim/test_processed.csv
2026-07-17 22:53:29,466 - feature_engineering - DEBUG - TF-IDF applied: train shape=(4057, 5000), test shape=(1206, 5000)
2026-07-17 22:53:55,103 - feature_engineering - DEBUG - Data saved to ./data\processed\train_tfidf.csv
2026-07-17 22:54:08,508 - feature_engineering - DEBUG - Data saved to ./data\processed\test_tfidf.csv
2026-07-17 22:54:08,508 - feature_engineering - INFO - Feature engineering completed successfully!
2026-07-17 23:23:55,392 - feature_engineering - DEBUG - Parameters loaded from params.yaml
2026-07-17 23:23:55,428 - feature_engineering - DEBUG - Data loaded and NaNs filled from ./data/interim/train_processed.csv
2026-07-17 23:23:55,444 - feature_engineering - DEBUG - Data loaded and NaNs filled from ./data/interim/test_processed.csv
2026-07-17 23:23:56,260 - feature_engineering - DEBUG - TF-IDF applied: train shape=(3654, 5000), test shape=(1637, 5000)
2026-07-17 23:24:28,863 - feature_engineering - DEBUG - Data saved to ./data\processed\train_tfidf.csv
2026-07-17 23:24:46,236 - feature_engineering - DEBUG - Data saved to ./data\processed\test_tfidf.csv
2026-07-17 23:24:46,237 - feature_engineering - INFO - Feature engineering completed successfully!
2026-07-18 00:17:22,171 - feature_engineering - DEBUG - Parameters loaded from params.yaml
2026-07-18 00:17:22,204 - feature_engineering - DEBUG - Data loaded and NaNs filled from ./data/interim/train_processed.csv
2026-07-18 00:17:22,225 - feature_engineering - DEBUG - Data loaded and NaNs filled from ./data/interim/test_processed.csv
2026-07-18 00:17:22,348 - feature_engineering - DEBUG - TF-IDF applied: train shape=(4152, 50), test shape=(1101, 50)
2026-07-18 00:17:22,553 - feature_engineering - DEBUG - Data saved to ./data\processed\train_tfidf.csv
2026-07-18 00:17:22,625 - feature_engineering - DEBUG - Data saved to ./data\processed\test_tfidf.csv
2026-07-18 00:17:22,625 - feature_engineering - INFO - Feature engineering completed successfully!
2026-07-18 00:27:41,160 - feature_engineering - DEBUG - Parameters loaded from params.yaml
2026-07-18 00:27:41,195 - feature_engineering - DEBUG - Data loaded and NaNs filled from ./data/interim/train_processed.csv
2026-07-18 00:27:41,204 - feature_engineering - DEBUG - Data loaded and NaNs filled from ./data/interim/test_processed.csv
2026-07-18 00:27:41,331 - feature_engineering - DEBUG - TF-IDF applied: train shape=(4152, 50), test shape=(1101, 50)
2026-07-18 00:27:41,570 - feature_engineering - DEBUG - Data saved to ./data\processed\train_tfidf.csv
2026-07-18 00:27:41,652 - feature_engineering - DEBUG - Data saved to ./data\processed\test_tfidf.csv
2026-07-18 00:27:41,652 - feature_engineering - INFO - Feature engineering completed successfully!
2026-07-18 22:31:58,803 - feature_engineering - DEBUG - Parameters loaded from params.yaml
2026-07-18 22:31:58,840 - feature_engineering - DEBUG - Data loaded and NaNs filled from ./data/interim/train_processed.csv
2026-07-18 22:31:58,845 - feature_engineering - DEBUG - Data loaded and NaNs filled from ./data/interim/test_processed.csv
2026-07-18 22:31:58,985 - feature_engineering - DEBUG - TF-IDF applied: train shape=(4670, 52), test shape=(552, 52)
2026-07-18 22:31:59,257 - feature_engineering - DEBUG - Data saved to ./data\processed\train_tfidf.csv
2026-07-18 22:31:59,307 - feature_engineering - DEBUG - Data saved to ./data\processed\test_tfidf.csv
2026-07-18 22:31:59,308 - feature_engineering - INFO - Feature engineering completed successfully!
